
Showing logs for build [32mcb-kubecd-environment-pr-209-53-rm7xx-1[0m stage [32mfrom-build-pack[0m and container [32mstep-credential-initializer-gqnvl[0m
{"level":"info","ts":1587833764.2984486,"logger":"fallback-logger","caller":"logging/config.go:69","msg":"Fetch GitHub commit ID from kodata failed: open /var/run/ko/refs/heads/0.8.0-ns-support: no such file or directory"}
{"level":"info","ts":1587833764.2989602,"logger":"fallback-logger","caller":"creds-init/main.go:40","msg":"Credentials initialized."}

Showing logs for build [32mcb-kubecd-environment-pr-209-53-rm7xx-1[0m stage [32mfrom-build-pack[0m and container [32mstep-working-dir-initializer-q5qz9[0m
{"level":"info","ts":1587833765.5954275,"logger":"fallback-logger","caller":"logging/config.go:69","msg":"Fetch GitHub commit ID from kodata failed: open /var/run/ko/HEAD: no such file or directory"}
{"level":"info","ts":1587833765.6057973,"logger":"fallback-logger","caller":"bash/main.go:64","msg":"Successfully executed command \"sh -c mkdir -p /workspace/source\"; output "}

Showing logs for build [32mcb-kubecd-environment-pr-209-53-rm7xx-1[0m stage [32mfrom-build-pack[0m and container [32mstep-place-tools[0m

Showing logs for build [32mcb-kubecd-environment-pr-209-53-rm7xx-1[0m stage [32mfrom-build-pack[0m and container [32mstep-git-source-cb-kubecd-environment-pr-209-53-rm7xx-6xhxc[0m
{"level":"info","ts":1587833770.6370504,"logger":"fallback-logger","caller":"logging/config.go:69","msg":"Fetch GitHub commit ID from kodata failed: open /var/run/ko/refs/heads/0.8.0-ns-support: no such file or directory"}
{"level":"info","ts":1587833771.7222908,"logger":"fallback-logger","caller":"git/git.go:103","msg":"Successfully cloned https://github.com/cb-kubecd/environment-pr-209-53-boot-gke-staging.git @ master in path /workspace/source"}

Showing logs for build [32mcb-kubecd-environment-pr-209-53-rm7xx-1[0m stage [32mfrom-build-pack[0m and container [32mstep-git-merge[0m
Using SHAs from PULL_REFS=master:9d1cc2b39a9986b154c3a47768d5fb0ae6358e5e,2:eb83074ddde8a89dd90be8fa19ab4c962645dcb8
DEBUG: LC_ALL=C JX_LOG_LEVEL=error git fetch origin --unshallow eb83074ddde8a89dd90be8fa19ab4c962645dcb8: 9d1cc2b39a9986b154c3a47768d5fb0ae6358e5e:
DEBUG: ran git fetch --unshallow origin eb83074ddde8a89dd90be8fa19ab4c962645dcb8: 9d1cc2b39a9986b154c3a47768d5fb0ae6358e5e: in 
DEBUG: LC_ALL=C JX_LOG_LEVEL=error git branch
DEBUG: LC_ALL=C JX_LOG_LEVEL=error git checkout master
DEBUG: ran git checkout master in 
DEBUG: LC_ALL=C JX_LOG_LEVEL=error git reset --hard 9d1cc2b39a9986b154c3a47768d5fb0ae6358e5e
DEBUG: ran git reset --hard 9d1cc2b39a9986b154c3a47768d5fb0ae6358e5e in 
DEBUG: LC_ALL=C JX_LOG_LEVEL=error git clean -fd .
DEBUG: ran clean --force -d . in 
DEBUG: LC_ALL=C JX_LOG_LEVEL=error git merge eb83074ddde8a89dd90be8fa19ab4c962645dcb8
DEBUG: ran git merge eb83074ddde8a89dd90be8fa19ab4c962645dcb8 in 
DEBUG: LC_ALL=C JX_LOG_LEVEL=error git log --format=%H%x1f%an%x1f%ae%x1f%cn%x1f%ce%x1f%s%n%b%x1e 9d1cc2b39a9986b154c3a47768d5fb0ae6358e5e..HEAD
Merged SHA eb83074ddde8a89dd90be8fa19ab4c962645dcb8 with commit message 'chore: Promote bdd-nh-1587833464 to version 0.0.1' into base branch master

Showing logs for build [32mcb-kubecd-environment-pr-209-53-rm7xx-1[0m stage [32mfrom-build-pack[0m and container [32mstep-build-helm-build[0m
WARNING: No $CHART_REPOSITORY defined so using the default value of: http://jenkins-x-chartmuseum:8080
Adding missing Helm repo: storage.googleapis.com https://storage.googleapis.com/chartmuseum.jenkins-x.io
WARNING: No secrets found on "helm/repos" due: reading the secret "helm/repos" from vault: no secret "helm/repos" not found in vault
Read credentials for https://storage.googleapis.com/chartmuseum.jenkins-x.io from vault helm/repos
Successfully added Helm repository storage.googleapis.com.
Adding missing Helm repo: jenkins-x-chartmuseum http://jenkins-x-chartmuseum:8080
WARNING: No secrets found on "helm/repos" due: reading the secret "helm/repos" from vault: no secret "helm/repos" not found in vault
Read credentials for http://jenkins-x-chartmuseum:8080 from vault helm/repos
Successfully added Helm repository jenkins-x-chartmuseum.
WARNING: No $CHART_REPOSITORY defined so using the default value of: http://jenkins-x-chartmuseum:8080
Adding missing Helm repo: chartmuseum.jenkins-x.io http://chartmuseum.jenkins-x.io
WARNING: No secrets found on "helm/repos" due: reading the secret "helm/repos" from vault: no secret "helm/repos" not found in vault
Read credentials for http://chartmuseum.jenkins-x.io from vault helm/repos
Successfully added Helm repository chartmuseum.jenkins-x.io.
